[debug] [2025-07-15T20:26:39.268Z] ----------------------------------------------------------------------
[debug] [2025-07-15T20:26:39.271Z] Command:       C:\Program Files\nodejs\node.exe C:\Users\Frenki\AppData\Roaming\npm\node_modules\firebase-tools\lib\bin\firebase.js deploy
[debug] [2025-07-15T20:26:39.272Z] CLI Version:   14.9.0
[debug] [2025-07-15T20:26:39.272Z] Platform:      win32
[debug] [2025-07-15T20:26:39.272Z] Node Version:  v23.1.0
[debug] [2025-07-15T20:26:39.272Z] Time:          Tue Jul 15 2025 23:26:39 GMT+0300 (Москва, стандартное время)
[debug] [2025-07-15T20:26:39.272Z] ----------------------------------------------------------------------
[debug] 
[debug] [2025-07-15T20:26:39.509Z] > command requires scopes: ["email","openid","https://www.googleapis.com/auth/cloudplatformprojects.readonly","https://www.googleapis.com/auth/firebase","https://www.googleapis.com/auth/cloud-platform"]
[debug] [2025-07-15T20:26:39.510Z] > authorizing via signed-in user (ots231088@gmail.com)
[debug] [2025-07-15T20:26:39.510Z] [iam] checking project vertical-4c335 for permissions ["firebase.projects.get","firebasehosting.sites.update"]
[debug] [2025-07-15T20:26:39.511Z] Checked if tokens are valid: true, expires at: 1752613736308
[debug] [2025-07-15T20:26:39.511Z] Checked if tokens are valid: true, expires at: 1752613736308
[debug] [2025-07-15T20:26:39.513Z] >>> [apiv2][query] POST https://cloudresourcemanager.googleapis.com/v1/projects/vertical-4c335:testIamPermissions [none]
[debug] [2025-07-15T20:26:39.513Z] >>> [apiv2][(partial)header] POST https://cloudresourcemanager.googleapis.com/v1/projects/vertical-4c335:testIamPermissions x-goog-quota-user=projects/vertical-4c335
[debug] [2025-07-15T20:26:39.513Z] >>> [apiv2][body] POST https://cloudresourcemanager.googleapis.com/v1/projects/vertical-4c335:testIamPermissions {"permissions":["firebase.projects.get","firebasehosting.sites.update"]}
[debug] [2025-07-15T20:26:40.509Z] <<< [apiv2][status] POST https://cloudresourcemanager.googleapis.com/v1/projects/vertical-4c335:testIamPermissions 200
[debug] [2025-07-15T20:26:40.509Z] <<< [apiv2][body] POST https://cloudresourcemanager.googleapis.com/v1/projects/vertical-4c335:testIamPermissions {}
[debug] [2025-07-15T20:26:40.509Z] [iam] error while checking permissions, command may fail: Authorization failed. This account is missing the following required permissions on project vertical-4c335:

  firebase.projects.get
  firebasehosting.sites.update
[debug] [2025-07-15T20:26:40.510Z] Checked if tokens are valid: true, expires at: 1752613736308
[debug] [2025-07-15T20:26:40.510Z] Checked if tokens are valid: true, expires at: 1752613736308
[debug] [2025-07-15T20:26:40.510Z] >>> [apiv2][query] GET https://firebase.googleapis.com/v1beta1/projects/vertical-4c335 [none]
[debug] [2025-07-15T20:26:41.003Z] <<< [apiv2][status] GET https://firebase.googleapis.com/v1beta1/projects/vertical-4c335 403
[debug] [2025-07-15T20:26:41.003Z] <<< [apiv2][body] GET https://firebase.googleapis.com/v1beta1/projects/vertical-4c335 {"error":{"code":403,"message":"The caller does not have permission","status":"PERMISSION_DENIED"}}
[debug] [2025-07-15T20:26:41.004Z] Request to https://firebase.googleapis.com/v1beta1/projects/vertical-4c335 had HTTP Error: 403, The caller does not have permission
[debug] [2025-07-15T20:26:41.093Z] FirebaseError: Request to https://firebase.googleapis.com/v1beta1/projects/vertical-4c335 had HTTP Error: 403, The caller does not have permission
    at responseToError (C:\Users\Frenki\AppData\Roaming\npm\node_modules\firebase-tools\lib\responseToError.js:52:12)
    at RetryOperation._fn (C:\Users\Frenki\AppData\Roaming\npm\node_modules\firebase-tools\lib\apiv2.js:312:77)
    at process.processTicksAndRejections (node:internal/process/task_queues:105:5)
[error] 
[error] Error: Failed to get Firebase project vertical-4c335. Please make sure the project exists and your account has permission to access it.
